[0m23:46:36.888936 [debug] [MainThread]: Sending event: {'category': 'dbt', 'action': 'invocation', 'label': 'start', 'context': [<snowplow_tracker.self_describing_json.SelfDescribingJson object at 0x000001F3D0120D10>, <snowplow_tracker.self_describing_json.SelfDescribingJson object at 0x000001F3D37B3560>, <snowplow_tracker.self_describing_json.SelfDescribingJson object at 0x000001F3D0FBC680>]}


============================== 23:46:36.893459 | 1ea773ad-4679-46e8-86b1-fe2b57a7717b ==============================
[0m23:46:36.893459 [info ] [MainThread]: Running with dbt=1.8.9
[0m23:46:36.894458 [debug] [MainThread]: running dbt with arguments {'printer_width': '80', 'indirect_selection': 'eager', 'write_json': 'True', 'log_cache_events': 'False', 'partial_parse': 'True', 'cache_selected_only': 'False', 'warn_error': 'None', 'fail_fast': 'False', 'debug': 'False', 'log_path': 'D:\\dbimbing\\dbt\\dibimbing\\logs', 'profiles_dir': 'C:\\Users\\Acer\\.dbt', 'version_check': 'True', 'use_colors': 'True', 'use_experimental_parser': 'False', 'empty': 'None', 'quiet': 'False', 'no_print': 'None', 'log_format': 'default', 'invocation_command': 'dbt debug', 'introspect': 'True', 'warn_error_options': 'WarnErrorOptions(include=[], exclude=[])', 'target_path': 'None', 'static_parser': 'True', 'send_anonymous_usage_stats': 'True'}
[0m23:46:36.909135 [info ] [MainThread]: dbt version: 1.8.9
[0m23:46:36.910389 [info ] [MainThread]: python version: 3.12.7
[0m23:46:36.910389 [info ] [MainThread]: python path: D:\dbimbing\dbt\venv\Scripts\python.exe
[0m23:46:36.911405 [info ] [MainThread]: os info: Windows-11-10.0.22631-SP0
[0m23:46:37.782951 [info ] [MainThread]: Using profiles dir at C:\Users\Acer\.dbt
[0m23:46:37.782951 [info ] [MainThread]: Using profiles.yml file at C:\Users\Acer\.dbt\profiles.yml
[0m23:46:37.783956 [info ] [MainThread]: Using dbt_project.yml file at D:\dbimbing\dbt\dibimbing\dbt_project.yml
[0m23:46:37.783956 [info ] [MainThread]: adapter type: bigquery
[0m23:46:37.784955 [info ] [MainThread]: adapter version: 1.8.3
[0m23:46:37.854424 [info ] [MainThread]: Configuration:
[0m23:46:37.855419 [info ] [MainThread]:   profiles.yml file [[32mOK found and valid[0m]
[0m23:46:37.855419 [info ] [MainThread]:   dbt_project.yml file [[32mOK found and valid[0m]
[0m23:46:37.856509 [info ] [MainThread]: Required dependencies:
[0m23:46:37.857452 [debug] [MainThread]: Executing "git --help"
[0m23:46:37.918437 [debug] [MainThread]: STDOUT: "b"usage: git [-v | --version] [-h | --help] [-C <path>] [-c <name>=<value>]\n           [--exec-path[=<path>]] [--html-path] [--man-path] [--info-path]\n           [-p | --paginate | -P | --no-pager] [--no-replace-objects] [--no-lazy-fetch]\n           [--no-optional-locks] [--no-advice] [--bare] [--git-dir=<path>]\n           [--work-tree=<path>] [--namespace=<name>] [--config-env=<name>=<envvar>]\n           <command> [<args>]\n\nThese are common Git commands used in various situations:\n\nstart a working area (see also: git help tutorial)\n   clone      Clone a repository into a new directory\n   init       Create an empty Git repository or reinitialize an existing one\n\nwork on the current change (see also: git help everyday)\n   add        Add file contents to the index\n   mv         Move or rename a file, a directory, or a symlink\n   restore    Restore working tree files\n   rm         Remove files from the working tree and from the index\n\nexamine the history and state (see also: git help revisions)\n   bisect     Use binary search to find the commit that introduced a bug\n   diff       Show changes between commits, commit and working tree, etc\n   grep       Print lines matching a pattern\n   log        Show commit logs\n   show       Show various types of objects\n   status     Show the working tree status\n\ngrow, mark and tweak your common history\n   backfill   Download missing objects in a partial clone\n   branch     List, create, or delete branches\n   commit     Record changes to the repository\n   merge      Join two or more development histories together\n   rebase     Reapply commits on top of another base tip\n   reset      Reset current HEAD to the specified state\n   switch     Switch branches\n   tag        Create, list, delete or verify a tag object signed with GPG\n\ncollaborate (see also: git help workflows)\n   fetch      Download objects and refs from another repository\n   pull       Fetch from and integrate with another repository or a local branch\n   push       Update remote refs along with associated objects\n\n'git help -a' and 'git help -g' list available subcommands and some\nconcept guides. See 'git help <command>' or 'git help <concept>'\nto read about a specific subcommand or concept.\nSee 'git help git' for an overview of the system.\n""
[0m23:46:37.919436 [debug] [MainThread]: STDERR: "b''"
[0m23:46:37.920436 [info ] [MainThread]:  - git [[32mOK found[0m]

[0m23:46:37.920436 [info ] [MainThread]: Connection:
[0m23:46:37.921437 [info ] [MainThread]:   method: service-account
[0m23:46:37.921437 [info ] [MainThread]:   database: handsondiana
[0m23:46:37.922437 [info ] [MainThread]:   execution_project: handsondiana
[0m23:46:37.922437 [info ] [MainThread]:   schema: dibimbing
[0m23:46:37.922437 [info ] [MainThread]:   location: US
[0m23:46:37.923515 [info ] [MainThread]:   priority: interactive
[0m23:46:37.923515 [info ] [MainThread]:   maximum_bytes_billed: None
[0m23:46:37.924515 [info ] [MainThread]:   impersonate_service_account: None
[0m23:46:37.924515 [info ] [MainThread]:   job_retry_deadline_seconds: None
[0m23:46:37.924515 [info ] [MainThread]:   job_retries: 1
[0m23:46:37.925517 [info ] [MainThread]:   job_creation_timeout_seconds: None
[0m23:46:37.925517 [info ] [MainThread]:   job_execution_timeout_seconds: 300
[0m23:46:37.926517 [info ] [MainThread]:   timeout_seconds: 300
[0m23:46:37.926517 [info ] [MainThread]:   client_id: None
[0m23:46:37.927534 [info ] [MainThread]:   token_uri: None
[0m23:46:37.927534 [info ] [MainThread]:   dataproc_region: None
[0m23:46:37.928515 [info ] [MainThread]:   dataproc_cluster_name: None
[0m23:46:37.928515 [info ] [MainThread]:   gcs_bucket: None
[0m23:46:37.929524 [info ] [MainThread]:   dataproc_batch: None
[0m23:46:37.929524 [info ] [MainThread]: Registered adapter: bigquery=1.8.3
[0m23:46:38.170844 [debug] [MainThread]: Acquiring new bigquery connection 'debug'
[0m23:46:38.170844 [debug] [MainThread]: Opening a new connection, currently in state init
[0m23:46:38.170844 [debug] [MainThread]: BigQuery adapter: Got an error when attempting to create a bigquery client: '[Errno 2] No such file or directory: 'cred/service_account.json''
[0m23:46:38.172458 [info ] [MainThread]:   Connection test: [[31mERROR[0m]

[0m23:46:38.173382 [info ] [MainThread]: [31m1 check failed:[0m
[0m23:46:38.173382 [info ] [MainThread]: dbt was unable to connect to the specified database.
The database returned the following error:

  >Database Error
  [Errno 2] No such file or directory: 'cred/service_account.json'

Check your database credentials and try again. For more information, visit:
https://docs.getdbt.com/docs/configure-your-profile


[0m23:46:38.175403 [debug] [MainThread]: Command `dbt debug` failed at 23:46:38.175403 after 1.46 seconds
[0m23:46:38.175403 [debug] [MainThread]: Connection 'debug' was properly closed.
[0m23:46:38.175403 [debug] [MainThread]: Sending event: {'category': 'dbt', 'action': 'invocation', 'label': 'end', 'context': [<snowplow_tracker.self_describing_json.SelfDescribingJson object at 0x000001F3D2E1BFB0>, <snowplow_tracker.self_describing_json.SelfDescribingJson object at 0x000001F3D3BEBBF0>, <snowplow_tracker.self_describing_json.SelfDescribingJson object at 0x000001F3FD5029F0>]}
[0m23:46:38.175403 [debug] [MainThread]: Flushing usage events
[0m23:48:37.537204 [debug] [MainThread]: Sending event: {'category': 'dbt', 'action': 'invocation', 'label': 'start', 'context': [<snowplow_tracker.self_describing_json.SelfDescribingJson object at 0x000001E4BDFEA1B0>, <snowplow_tracker.self_describing_json.SelfDescribingJson object at 0x000001E4C0F911C0>, <snowplow_tracker.self_describing_json.SelfDescribingJson object at 0x000001E4C0F91A90>]}


============================== 23:48:37.540219 | 0f89ea27-1524-41e0-97e2-688be937bc18 ==============================
[0m23:48:37.540219 [info ] [MainThread]: Running with dbt=1.8.9
[0m23:48:37.541218 [debug] [MainThread]: running dbt with arguments {'printer_width': '80', 'indirect_selection': 'eager', 'log_cache_events': 'False', 'write_json': 'True', 'partial_parse': 'True', 'cache_selected_only': 'False', 'profiles_dir': 'C:\\Users\\Acer\\.dbt', 'debug': 'False', 'fail_fast': 'False', 'log_path': 'D:\\dbimbing\\dbt\\dibimbing\\logs', 'warn_error': 'None', 'version_check': 'True', 'use_colors': 'True', 'use_experimental_parser': 'False', 'no_print': 'None', 'quiet': 'False', 'empty': 'None', 'log_format': 'default', 'introspect': 'True', 'warn_error_options': 'WarnErrorOptions(include=[], exclude=[])', 'static_parser': 'True', 'target_path': 'None', 'invocation_command': 'dbt debug', 'send_anonymous_usage_stats': 'True'}
[0m23:48:37.552468 [info ] [MainThread]: dbt version: 1.8.9
[0m23:48:37.553468 [info ] [MainThread]: python version: 3.12.7
[0m23:48:37.553468 [info ] [MainThread]: python path: D:\dbimbing\dbt\venv\Scripts\python.exe
[0m23:48:37.554467 [info ] [MainThread]: os info: Windows-11-10.0.22631-SP0
[0m23:48:38.373807 [info ] [MainThread]: Using profiles dir at C:\Users\Acer\.dbt
[0m23:48:38.375070 [info ] [MainThread]: Using profiles.yml file at C:\Users\Acer\.dbt\profiles.yml
[0m23:48:38.375070 [info ] [MainThread]: Using dbt_project.yml file at D:\dbimbing\dbt\dibimbing\dbt_project.yml
[0m23:48:38.376078 [info ] [MainThread]: adapter type: bigquery
[0m23:48:38.376078 [info ] [MainThread]: adapter version: 1.8.3
[0m23:48:38.439681 [info ] [MainThread]: Configuration:
[0m23:48:38.440811 [info ] [MainThread]:   profiles.yml file [[32mOK found and valid[0m]
[0m23:48:38.441585 [info ] [MainThread]:   dbt_project.yml file [[32mOK found and valid[0m]
[0m23:48:38.441585 [info ] [MainThread]: Required dependencies:
[0m23:48:38.442675 [debug] [MainThread]: Executing "git --help"
[0m23:48:38.486400 [debug] [MainThread]: STDOUT: "b"usage: git [-v | --version] [-h | --help] [-C <path>] [-c <name>=<value>]\n           [--exec-path[=<path>]] [--html-path] [--man-path] [--info-path]\n           [-p | --paginate | -P | --no-pager] [--no-replace-objects] [--no-lazy-fetch]\n           [--no-optional-locks] [--no-advice] [--bare] [--git-dir=<path>]\n           [--work-tree=<path>] [--namespace=<name>] [--config-env=<name>=<envvar>]\n           <command> [<args>]\n\nThese are common Git commands used in various situations:\n\nstart a working area (see also: git help tutorial)\n   clone      Clone a repository into a new directory\n   init       Create an empty Git repository or reinitialize an existing one\n\nwork on the current change (see also: git help everyday)\n   add        Add file contents to the index\n   mv         Move or rename a file, a directory, or a symlink\n   restore    Restore working tree files\n   rm         Remove files from the working tree and from the index\n\nexamine the history and state (see also: git help revisions)\n   bisect     Use binary search to find the commit that introduced a bug\n   diff       Show changes between commits, commit and working tree, etc\n   grep       Print lines matching a pattern\n   log        Show commit logs\n   show       Show various types of objects\n   status     Show the working tree status\n\ngrow, mark and tweak your common history\n   backfill   Download missing objects in a partial clone\n   branch     List, create, or delete branches\n   commit     Record changes to the repository\n   merge      Join two or more development histories together\n   rebase     Reapply commits on top of another base tip\n   reset      Reset current HEAD to the specified state\n   switch     Switch branches\n   tag        Create, list, delete or verify a tag object signed with GPG\n\ncollaborate (see also: git help workflows)\n   fetch      Download objects and refs from another repository\n   pull       Fetch from and integrate with another repository or a local branch\n   push       Update remote refs along with associated objects\n\n'git help -a' and 'git help -g' list available subcommands and some\nconcept guides. See 'git help <command>' or 'git help <concept>'\nto read about a specific subcommand or concept.\nSee 'git help git' for an overview of the system.\n""
[0m23:48:38.487420 [debug] [MainThread]: STDERR: "b''"
[0m23:48:38.487420 [info ] [MainThread]:  - git [[32mOK found[0m]

[0m23:48:38.488260 [info ] [MainThread]: Connection:
[0m23:48:38.488260 [info ] [MainThread]:   method: service-account
[0m23:48:38.489795 [info ] [MainThread]:   database: handsondiana
[0m23:48:38.490156 [info ] [MainThread]:   execution_project: handsondiana
[0m23:48:38.490156 [info ] [MainThread]:   schema: dibimbing
[0m23:48:38.491176 [info ] [MainThread]:   location: US
[0m23:48:38.491176 [info ] [MainThread]:   priority: interactive
[0m23:48:38.491176 [info ] [MainThread]:   maximum_bytes_billed: None
[0m23:48:38.492175 [info ] [MainThread]:   impersonate_service_account: None
[0m23:48:38.492175 [info ] [MainThread]:   job_retry_deadline_seconds: None
[0m23:48:38.493174 [info ] [MainThread]:   job_retries: 1
[0m23:48:38.493174 [info ] [MainThread]:   job_creation_timeout_seconds: None
[0m23:48:38.494179 [info ] [MainThread]:   job_execution_timeout_seconds: 300
[0m23:48:38.494179 [info ] [MainThread]:   timeout_seconds: 300
[0m23:48:38.495178 [info ] [MainThread]:   client_id: None
[0m23:48:38.495178 [info ] [MainThread]:   token_uri: None
[0m23:48:38.496179 [info ] [MainThread]:   dataproc_region: None
[0m23:48:38.496179 [info ] [MainThread]:   dataproc_cluster_name: None
[0m23:48:38.496179 [info ] [MainThread]:   gcs_bucket: None
[0m23:48:38.497178 [info ] [MainThread]:   dataproc_batch: None
[0m23:48:38.498179 [info ] [MainThread]: Registered adapter: bigquery=1.8.3
[0m23:48:38.700346 [debug] [MainThread]: Acquiring new bigquery connection 'debug'
[0m23:48:38.701347 [debug] [MainThread]: Opening a new connection, currently in state init
[0m23:48:38.701347 [debug] [MainThread]: BigQuery adapter: Got an error when attempting to create a bigquery client: '[Errno 2] No such file or directory: 'cred/service_account.json''
[0m23:48:38.702347 [info ] [MainThread]:   Connection test: [[31mERROR[0m]

[0m23:48:38.702347 [info ] [MainThread]: [31m1 check failed:[0m
[0m23:48:38.703466 [info ] [MainThread]: dbt was unable to connect to the specified database.
The database returned the following error:

  >Database Error
  [Errno 2] No such file or directory: 'cred/service_account.json'

Check your database credentials and try again. For more information, visit:
https://docs.getdbt.com/docs/configure-your-profile


[0m23:48:38.704475 [debug] [MainThread]: Command `dbt debug` failed at 23:48:38.704475 after 1.29 seconds
[0m23:48:38.704475 [debug] [MainThread]: Connection 'debug' was properly closed.
[0m23:48:38.705581 [debug] [MainThread]: Sending event: {'category': 'dbt', 'action': 'invocation', 'label': 'end', 'context': [<snowplow_tracker.self_describing_json.SelfDescribingJson object at 0x000001E4C0ED9670>, <snowplow_tracker.self_describing_json.SelfDescribingJson object at 0x000001E4EBDF8500>, <snowplow_tracker.self_describing_json.SelfDescribingJson object at 0x000001E4EBE53B00>]}
[0m23:48:38.705581 [debug] [MainThread]: Flushing usage events
